<?xml version="1.0" encoding="UTF-8"?>
<testng-results skipped="0" failed="0" ignored="0" total="2" passed="2">
  <reporter-output>
  </reporter-output>
  <suite name="Command line suite" duration-ms="27635" started-at="2020-07-25T17:47:14Z" finished-at="2020-07-25T17:47:42Z">
    <groups>
    </groups>
    <test name="Command line test" duration-ms="27635" started-at="2020-07-25T17:47:14Z" finished-at="2020-07-25T17:47:42Z">
      <class name="testPackage.LoginTest">
        <test-method status="PASS" signature="BaseClass()[pri:0, instance:testPackage.LoginTest@3cbbc1e0]" name="BaseClass" is-config="true" duration-ms="13834" started-at="2020-07-25T17:47:14Z" finished-at="2020-07-25T17:47:28Z">
          <reporter-output>
          </reporter-output>
        </test-method> <!-- BaseClass -->
        <test-method status="PASS" signature="initObjects()[pri:0, instance:testPackage.LoginTest@3cbbc1e0]" name="initObjects" is-config="true" duration-ms="9" started-at="2020-07-25T17:47:28Z" finished-at="2020-07-25T17:47:28Z">
          <reporter-output>
          </reporter-output>
        </test-method> <!-- initObjects -->
        <test-method status="PASS" signature="Mediwarelogin()[pri:1, instance:testPackage.LoginTest@3cbbc1e0]" name="Mediwarelogin" duration-ms="6905" started-at="2020-07-25T17:47:28Z" finished-at="2020-07-25T17:47:35Z">
          <reporter-output>
          </reporter-output>
        </test-method> <!-- Mediwarelogin -->
        <test-method status="PASS" signature="getResult(org.testng.ITestResult)[pri:0, instance:testPackage.LoginTest@3cbbc1e0]" name="getResult" is-config="true" duration-ms="18" started-at="2020-07-25T17:47:35Z" finished-at="2020-07-25T17:47:35Z">
          <params>
            <param index="0">
              <value>
                <![CDATA[[TestResult name=Mediwarelogin status=SUCCESS method=LoginTest.Mediwarelogin()[pri:1, instance:testPackage.LoginTest@3cbbc1e0] output={null}]]]>
              </value>
            </param>
          </params>
          <reporter-output>
          </reporter-output>
        </test-method> <!-- getResult -->
        <test-method status="PASS" signature="MediwareAppoinment()[pri:2, instance:testPackage.LoginTest@3cbbc1e0]" name="MediwareAppoinment" duration-ms="6835" started-at="2020-07-25T17:47:35Z" finished-at="2020-07-25T17:47:42Z">
          <reporter-output>
          </reporter-output>
        </test-method> <!-- MediwareAppoinment -->
        <test-method status="PASS" signature="getResult(org.testng.ITestResult)[pri:0, instance:testPackage.LoginTest@3cbbc1e0]" name="getResult" is-config="true" duration-ms="1" started-at="2020-07-25T17:47:42Z" finished-at="2020-07-25T17:47:42Z">
          <params>
            <param index="0">
              <value>
                <![CDATA[[TestResult name=MediwareAppoinment status=SUCCESS method=LoginTest.MediwareAppoinment()[pri:2, instance:testPackage.LoginTest@3cbbc1e0] output={null}]]]>
              </value>
            </param>
          </params>
          <reporter-output>
          </reporter-output>
        </test-method> <!-- getResult -->
      </class> <!-- testPackage.LoginTest -->
    </test> <!-- Command line test -->
  </suite> <!-- Command line suite -->
</testng-results>
